\BOOKMARK [1][-]{chapter*.1}{Seznam zkratek}{}% 1
\BOOKMARK [0][-]{chapter.1}{\332vod}{}% 2
\BOOKMARK [0][-]{chapter.2}{Sveteln\351 syst\351my}{}% 3
\BOOKMARK [1][-]{section.2.1}{V\375voj sveteln\375ch syst\351mu}{chapter.2}% 4
\BOOKMARK [1][-]{section.2.2}{Ovl\341d\341n\355 syst\351mu}{chapter.2}% 5
\BOOKMARK [1][-]{section.2.3}{Protokol DALI}{chapter.2}% 6
\BOOKMARK [1][-]{section.2.4}{Ostatn\355 protokoly}{chapter.2}% 7
\BOOKMARK [2][-]{subsection.2.4.1}{KNX}{section.2.4}% 8
\BOOKMARK [2][-]{subsection.2.4.2}{0-10 Voltu}{section.2.4}% 9
\BOOKMARK [1][-]{section.2.5}{Spolecn\351 vlastnosti a souc\341stky protokolu }{chapter.2}% 10
\BOOKMARK [2][-]{subsection.2.5.1}{Dimmer}{section.2.5}% 11
\BOOKMARK [2][-]{subsection.2.5.2}{Predradn\355k}{section.2.5}% 12
\BOOKMARK [0][-]{chapter.3}{Elektrick\341 spotreba}{}% 13
\BOOKMARK [1][-]{section.3.1}{V\375znam}{chapter.3}% 14
\BOOKMARK [1][-]{section.3.2}{Metody meren\355}{chapter.3}% 15
\BOOKMARK [0][-]{chapter.4}{Praktick\341 komunikace s DALI}{}% 16
\BOOKMARK [1][-]{section.4.1}{Prostred\355 pro pr\341ci}{chapter.4}% 17
\BOOKMARK [1][-]{section.4.2}{Mo\236nosti nastaven\355}{chapter.4}% 18
\BOOKMARK [0][-]{chapter.5}{Meren\355 spotreby na z\341rivce}{}% 19
\BOOKMARK [1][-]{section.5.1}{Popis meren\355}{chapter.5}% 20
\BOOKMARK [2][-]{subsection.5.1.1}{Overen\355 hodnot}{section.5.1}% 21
\BOOKMARK [1][-]{section.5.2}{V\375sledky meren\355}{chapter.5}% 22
\BOOKMARK [1][-]{section.5.3}{Realita}{chapter.5}% 23
\BOOKMARK [0][-]{chapter.6}{Z\341ver}{}% 24
\BOOKMARK [0][-]{chapter*.17}{Literatura}{}% 25
