\BOOKMARK [1][-]{chapter*.1}{Seznam zkratek}{}% 1
\BOOKMARK [0][-]{chapter.1}{\332vod}{}% 2
\BOOKMARK [0][-]{chapter.2}{Syst\351m Arduino}{}% 3
\BOOKMARK [1][-]{section.2.1}{Vlastnosti}{chapter.2}% 4
\BOOKMARK [1][-]{section.2.2}{Vyu\236it\355}{chapter.2}% 5
\BOOKMARK [0][-]{chapter.3}{Aktu\341ln\355 bezdr\341tov\351 technologie}{}% 6
\BOOKMARK [1][-]{section.3.1}{Bluetooth}{chapter.3}% 7
\BOOKMARK [1][-]{section.3.2}{Wi-fi}{chapter.3}% 8
\BOOKMARK [1][-]{section.3.3}{Xbee}{chapter.3}% 9
\BOOKMARK [1][-]{section.3.4}{R\341dio}{chapter.3}% 10
\BOOKMARK [0][-]{chapter.4}{Praktick\351 vyu\236it\355 RF technologie}{}% 11
\BOOKMARK [1][-]{section.4.1}{Vys\355lac\355 a prij\355mac\355 stanice}{chapter.4}% 12
\BOOKMARK [2][-]{subsection.4.1.1}{Popis}{section.4.1}% 13
\BOOKMARK [2][-]{subsection.4.1.2}{Funkce}{section.4.1}% 14
\BOOKMARK [2][-]{subsection.4.1.3}{Sch\351ma}{section.4.1}% 15
\BOOKMARK [1][-]{section.4.2}{Motory}{chapter.4}% 16
\BOOKMARK [2][-]{subsection.4.2.1}{Zapojen\355}{section.4.2}% 17
\BOOKMARK [2][-]{subsection.4.2.2}{Stavov\375 diagram}{section.4.2}% 18
\BOOKMARK [0][-]{chapter.5}{Webov\341 aplikace}{}% 19
\BOOKMARK [1][-]{section.5.1}{Funkce}{chapter.5}% 20
\BOOKMARK [1][-]{section.5.2}{Pou\236it\351 moduly}{chapter.5}% 21
\BOOKMARK [1][-]{section.5.3}{Zdrojov\375 k\363d}{chapter.5}% 22
\BOOKMARK [0][-]{chapter*.4}{Literatura}{}% 23
